<?xml version="1.0" encoding="UTF-8"?>
<!-- Generated by org.testng.reporters.JUnitReportReporter -->
<testsuite skipped="0" hostname="LAPTOP-AL6U3HBV" name="com.flipkart.testscripts.LoginTest" tests="1" failures="0" timestamp="30 Mar 2021 03:37:18 GMT" time="8.576" errors="0">
  <testcase name="test" time="8.576" classname="com.flipkart.testscripts.LoginTest"/>
</testsuite> <!-- com.flipkart.testscripts.LoginTest -->
