<?xml version="1.0" encoding="UTF-8"?>
<!-- Generated by org.testng.reporters.JUnitReportReporter -->
<testsuite skipped="0" hostname="LAPTOP-AL6U3HBV" name="com.orangeHRMopenSource.testscripts.LoginTest" tests="1" failures="0" timestamp="27 Mar 2021 05:11:48 GMT" time="39.699" errors="0">
  <testcase name="t1" time="39.699" classname="com.orangeHRMopenSource.testscripts.LoginTest"/>
</testsuite> <!-- com.orangeHRMopenSource.testscripts.LoginTest -->
