<?xml version="1.0" encoding="UTF-8"?>
<!-- Generated by org.testng.reporters.JUnitReportReporter -->
<testsuite skipped="0" hostname="LAPTOP-AL6U3HBV" name="Demo.test" tests="1" failures="0" timestamp="26 Mar 2021 10:15:54 GMT" time="0.020" errors="0">
  <testcase name="testA" time="0.020" classname="Demo.test"/>
</testsuite> <!-- Demo.test -->
