<?xml version="1.0" encoding="UTF-8"?>
<!-- Generated by org.testng.reporters.JUnitReportReporter -->
<testsuite skipped="0" hostname="LAPTOP-AL6U3HBV" name="com.actitime.testscripts.Test" tests="1" failures="0" timestamp="11 Apr 2021 08:23:00 GMT" time="19.790" errors="0">
  <testcase name="test1" time="19.790" classname="com.actitime.testscripts.Test"/>
</testsuite> <!-- com.actitime.testscripts.Test -->
